{"numTotalTestSuites":52,"numPassedTestSuites":2,"numFailedTestSuites":50,"numPendingTestSuites":0,"numTotalTests":56,"numPassedTests":18,"numFailedTests":38,"numPendingTests":0,"numTodoTests":0,"snapshot":{"added":0,"failure":false,"filesAdded":0,"filesRemoved":0,"filesRemovedList":[],"filesUnmatched":0,"filesUpdated":0,"matched":0,"total":0,"unchecked":0,"uncheckedKeysByFile":[],"unmatched":0,"updated":0,"didUpdate":false},"startTime":1733944176192,"success":false,"testResults":[{"assertionResults":[{"ancestorTitles":["Intro"],"fullName":"Intro should confirm compilation","status":"passed","title":"should confirm compilation","duration":697.1815420000003,"failureMessages":[],"meta":{}}],"startTime":1733944181525,"endTime":1733944182222.1816,"status":"passed","message":"","name":"/Users/admin/code/forks/opanuj-typescript-praktyka/tasks/core-pro/000-intro/intro.spec.ts"},{"assertionResults":[{"ancestorTitles":["Strict mode"],"fullName":"Strict mode should compile when strict mode is enabled","status":"failed","title":"should compile when strict mode is enabled","duration":1331.8194589999998,"failureMessages":["Error: \nðŸš¨ Wykryto nastÄ™pujÄ…ce bÅ‚Ä™dy kompilacji:\n\nParameter 'user' implicitly has an 'any' type.\nArgument of type 'any' is not assignable to parameter of type 'never'.\nParameter 'userId' implicitly has an 'any' type.\nProperty 'id' does not exist on type 'never'.\nParameter 'userId' implicitly has an 'any' type.\nProperty 'id' does not exist on type 'never'.\nParameter 'filterFn' implicitly has an 'any' type.\nParameter 'user' implicitly has an 'any' type.\n\n    at Proxy.expectWrapper (file:///Users/admin/code/forks/opanuj-typescript-praktyka/node_modules/@vitest/expect/dist/index.js:1996:19)\n    at Proxy.<anonymous> (file:///Users/admin/code/forks/opanuj-typescript-praktyka/node_modules/@vitest/expect/dist/index.js:972:17)\n    at Proxy.methodWrapper (file:///Users/admin/code/forks/opanuj-typescript-praktyka/node_modules/chai/chai.js:1610:25)\n    at /Users/admin/code/forks/opanuj-typescript-praktyka/tasks/core-pro/121-compiler-strict/strict.spec.ts:9:25\n    at file:///Users/admin/code/forks/opanuj-typescript-praktyka/node_modules/@vitest/runner/dist/index.js:146:14\n    at file:///Users/admin/code/forks/opanuj-typescript-praktyka/node_modules/@vitest/runner/dist/index.js:533:11\n    at runWithTimeout (file:///Users/admin/code/forks/opanuj-typescript-praktyka/node_modules/@vitest/runner/dist/index.js:39:7)\n    at runTest (file:///Users/admin/code/forks/opanuj-typescript-praktyka/node_modules/@vitest/runner/dist/index.js:1056:17)\n    at processTicksAndRejections (node:internal/process/task_queues:95:5)\n    at async Promise.all (index 0)"],"meta":{}},{"ancestorTitles":["Strict mode"],"fullName":"Strict mode should support filtering users","status":"passed","title":"should support filtering users","duration":1331.6897079999999,"failureMessages":[],"meta":{}}],"startTime":1733944179947,"endTime":1733944181278.8196,"status":"failed","message":"","name":"/Users/admin/code/forks/opanuj-typescript-praktyka/tasks/core-pro/121-compiler-strict/strict.spec.ts"},{"assertionResults":[{"ancestorTitles":["TS Config"],"fullName":"TS Config should compile when strict mode is enabled","status":"failed","title":"should compile when strict mode is enabled","duration":1044.3892919999998,"failureMessages":["Error: \nðŸš¨ Wykryto nastÄ™pujÄ…ce bÅ‚Ä™dy kompilacji:\n\nPrivate identifiers are only available when targeting ECMAScript 2015 and higher.\n\n    at Proxy.expectWrapper (file:///Users/admin/code/forks/opanuj-typescript-praktyka/node_modules/@vitest/expect/dist/index.js:1996:19)\n    at Proxy.<anonymous> (file:///Users/admin/code/forks/opanuj-typescript-praktyka/node_modules/@vitest/expect/dist/index.js:972:17)\n    at Proxy.methodWrapper (file:///Users/admin/code/forks/opanuj-typescript-praktyka/node_modules/chai/chai.js:1610:25)\n    at /Users/admin/code/forks/opanuj-typescript-praktyka/tasks/core-pro/122-compiler-misconfigured/config.spec.ts:8:25\n    at file:///Users/admin/code/forks/opanuj-typescript-praktyka/node_modules/@vitest/runner/dist/index.js:146:14\n    at file:///Users/admin/code/forks/opanuj-typescript-praktyka/node_modules/@vitest/runner/dist/index.js:533:11\n    at runWithTimeout (file:///Users/admin/code/forks/opanuj-typescript-praktyka/node_modules/@vitest/runner/dist/index.js:39:7)\n    at runTest (file:///Users/admin/code/forks/opanuj-typescript-praktyka/node_modules/@vitest/runner/dist/index.js:1056:17)\n    at processTicksAndRejections (node:internal/process/task_queues:95:5)\n    at async Promise.all (index 0)"],"meta":{}}],"startTime":1733944181309,"endTime":1733944182353.3894,"status":"failed","message":"","name":"/Users/admin/code/forks/opanuj-typescript-praktyka/tasks/core-pro/122-compiler-misconfigured/config.spec.ts"},{"assertionResults":[{"ancestorTitles":["Typing training"],"fullName":"Typing training should compile provided functions","status":"failed","title":"should compile provided functions","duration":855.6602080000002,"failureMessages":["Error: \nðŸš¨ Wykryto nastÄ™pujÄ…ce bÅ‚Ä™dy kompilacji:\n\nParameter 'firstName' implicitly has an 'any' type.\nParameter 'lastName' implicitly has an 'any' type.\nParameter 'address' implicitly has an 'any' type.\nParameter 'role' implicitly has an 'any' type.\nParameter 'isActive' implicitly has an 'any' type.\nParameter 'settings' implicitly has an 'any' type.\nParameter 'dateOfBirth' implicitly has an 'any' type.\nParameter 'minAge' implicitly has an 'any' type.\nParameter 'phoneNumbers' implicitly has an 'any' type.\nParameter 'email' implicitly has an 'any' type.\nParameter 'settings' implicitly has an 'any' type.\n\n    at Proxy.expectWrapper (file:///Users/admin/code/forks/opanuj-typescript-praktyka/node_modules/@vitest/expect/dist/index.js:1996:19)\n    at Proxy.<anonymous> (file:///Users/admin/code/forks/opanuj-typescript-praktyka/node_modules/@vitest/expect/dist/index.js:972:17)\n    at Proxy.methodWrapper (file:///Users/admin/code/forks/opanuj-typescript-praktyka/node_modules/chai/chai.js:1610:25)\n    at /Users/admin/code/forks/opanuj-typescript-praktyka/tasks/core-pro/211-typed-training/training.spec.ts:8:25\n    at file:///Users/admin/code/forks/opanuj-typescript-praktyka/node_modules/@vitest/runner/dist/index.js:146:14\n    at file:///Users/admin/code/forks/opanuj-typescript-praktyka/node_modules/@vitest/runner/dist/index.js:533:11\n    at runWithTimeout (file:///Users/admin/code/forks/opanuj-typescript-praktyka/node_modules/@vitest/runner/dist/index.js:39:7)\n    at runTest (file:///Users/admin/code/forks/opanuj-typescript-praktyka/node_modules/@vitest/runner/dist/index.js:1056:17)\n    at processTicksAndRejections (node:internal/process/task_queues:95:5)\n    at async Promise.all (index 0)"],"meta":{}}],"startTime":1733944181426,"endTime":1733944182281.6602,"status":"failed","message":"","name":"/Users/admin/code/forks/opanuj-typescript-praktyka/tasks/core-pro/211-typed-training/training.spec.ts"},{"assertionResults":[{"ancestorTitles":["Using enums"],"fullName":"Using enums should compile with proper values","status":"failed","title":"should compile with proper values","duration":3873.015083,"failureMessages":["Error: \nðŸš¨ Wykryto nastÄ™pujÄ…ce bÅ‚Ä™dy kompilacji:\n\nProperty 'EDITOR' does not exist on type 'typeof UserRole'.\nProperty 'READ' does not exist on type 'typeof UserPermission'.\nProperty 'WRITE' does not exist on type 'typeof UserPermission'.\nProperty 'VIEWER' does not exist on type 'typeof UserRole'.\nProperty 'READ' does not exist on type 'typeof UserPermission'.\nProperty 'READ' does not exist on type 'typeof UserPermission'.\nProperty 'DELETE' does not exist on type 'typeof UserPermission'.\n\n    at Proxy.expectWrapper (file:///Users/admin/code/forks/opanuj-typescript-praktyka/node_modules/@vitest/expect/dist/index.js:1996:19)\n    at Proxy.<anonymous> (file:///Users/admin/code/forks/opanuj-typescript-praktyka/node_modules/@vitest/expect/dist/index.js:972:17)\n    at Proxy.methodWrapper (file:///Users/admin/code/forks/opanuj-typescript-praktyka/node_modules/chai/chai.js:1610:25)\n    at /Users/admin/code/forks/opanuj-typescript-praktyka/tasks/core-pro/212-enum-roles/enum.spec.ts:9:25\n    at file:///Users/admin/code/forks/opanuj-typescript-praktyka/node_modules/@vitest/runner/dist/index.js:146:14\n    at file:///Users/admin/code/forks/opanuj-typescript-praktyka/node_modules/@vitest/runner/dist/index.js:533:11\n    at runWithTimeout (file:///Users/admin/code/forks/opanuj-typescript-praktyka/node_modules/@vitest/runner/dist/index.js:39:7)\n    at runTest (file:///Users/admin/code/forks/opanuj-typescript-praktyka/node_modules/@vitest/runner/dist/index.js:1056:17)\n    at processTicksAndRejections (node:internal/process/task_queues:95:5)\n    at async Promise.all (index 0)"],"meta":{}},{"ancestorTitles":["Using enums"],"fullName":"Using enums should not compile with values outside of enum","status":"failed","title":"should not compile with values outside of enum","duration":3872.706666,"failureMessages":["Error: \nðŸš¨ Oczekiwano bÅ‚Ä™dÃ³w kompilacji - upewnij siÄ™, Å¼e typy sÄ… odpowiednio zdefiniowane.\n    at Proxy.expectWrapper (file:///Users/admin/code/forks/opanuj-typescript-praktyka/node_modules/@vitest/expect/dist/index.js:1996:19)\n    at Proxy.<anonymous> (file:///Users/admin/code/forks/opanuj-typescript-praktyka/node_modules/@vitest/expect/dist/index.js:972:17)\n    at Proxy.methodWrapper (file:///Users/admin/code/forks/opanuj-typescript-praktyka/node_modules/chai/chai.js:1610:25)\n    at /Users/admin/code/forks/opanuj-typescript-praktyka/tasks/core-pro/212-enum-roles/enum.spec.ts:14:29\n    at file:///Users/admin/code/forks/opanuj-typescript-praktyka/node_modules/@vitest/runner/dist/index.js:146:14\n    at file:///Users/admin/code/forks/opanuj-typescript-praktyka/node_modules/@vitest/runner/dist/index.js:533:11\n    at runWithTimeout (file:///Users/admin/code/forks/opanuj-typescript-praktyka/node_modules/@vitest/runner/dist/index.js:39:7)\n    at runTest (file:///Users/admin/code/forks/opanuj-typescript-praktyka/node_modules/@vitest/runner/dist/index.js:1056:17)\n    at processTicksAndRejections (node:internal/process/task_queues:95:5)\n    at async Promise.all (index 1)"],"meta":{}},{"ancestorTitles":["Using enums"],"fullName":"Using enums should properly check permissions for editor","status":"failed","title":"should properly check permissions for editor","duration":3872.3759170000003,"failureMessages":["AssertionError: expected true to be false // Object.is equality\n    at /Users/admin/code/forks/opanuj-typescript-praktyka/tasks/core-pro/212-enum-roles/enum.spec.ts:25:58\n    at file:///Users/admin/code/forks/opanuj-typescript-praktyka/node_modules/@vitest/runner/dist/index.js:146:14\n    at file:///Users/admin/code/forks/opanuj-typescript-praktyka/node_modules/@vitest/runner/dist/index.js:533:11\n    at runWithTimeout (file:///Users/admin/code/forks/opanuj-typescript-praktyka/node_modules/@vitest/runner/dist/index.js:39:7)\n    at runTest (file:///Users/admin/code/forks/opanuj-typescript-praktyka/node_modules/@vitest/runner/dist/index.js:1056:17)\n    at processTicksAndRejections (node:internal/process/task_queues:95:5)\n    at async Promise.all (index 2)\n    at runSuite (file:///Users/admin/code/forks/opanuj-typescript-praktyka/node_modules/@vitest/runner/dist/index.js:1191:13)\n    at async Promise.all (index 0)\n    at runSuite (file:///Users/admin/code/forks/opanuj-typescript-praktyka/node_modules/@vitest/runner/dist/index.js:1191:13)"],"meta":{}},{"ancestorTitles":["Using enums"],"fullName":"Using enums should properly check permissions for admin","status":"passed","title":"should properly check permissions for admin","duration":3872.3379160000004,"failureMessages":[],"meta":{}}],"startTime":1733944177517,"endTime":1733944181390.338,"status":"failed","message":"","name":"/Users/admin/code/forks/opanuj-typescript-praktyka/tasks/core-pro/212-enum-roles/enum.spec.ts"},{"assertionResults":[{"ancestorTitles":["Using type guards"],"fullName":"Using type guards should compile without errors","status":"passed","title":"should compile without errors","duration":2426.7695000000003,"failureMessages":[],"meta":{}},{"ancestorTitles":["Using type guards"],"fullName":"Using type guards should return correct notification text","status":"failed","title":"should return correct notification text","duration":2425.544042,"failureMessages":["AssertionError: expected ' ' to be 'Hi there!' // Object.is equality\n    at /Users/admin/code/forks/opanuj-typescript-praktyka/tasks/core-pro/221-type-guard/type-guard.spec.ts:17:97\n    at file:///Users/admin/code/forks/opanuj-typescript-praktyka/node_modules/@vitest/runner/dist/index.js:146:14\n    at file:///Users/admin/code/forks/opanuj-typescript-praktyka/node_modules/@vitest/runner/dist/index.js:533:11\n    at runWithTimeout (file:///Users/admin/code/forks/opanuj-typescript-praktyka/node_modules/@vitest/runner/dist/index.js:39:7)\n    at runTest (file:///Users/admin/code/forks/opanuj-typescript-praktyka/node_modules/@vitest/runner/dist/index.js:1056:17)\n    at processTicksAndRejections (node:internal/process/task_queues:95:5)\n    at async Promise.all (index 1)\n    at runSuite (file:///Users/admin/code/forks/opanuj-typescript-praktyka/node_modules/@vitest/runner/dist/index.js:1191:13)\n    at async Promise.all (index 0)\n    at runSuite (file:///Users/admin/code/forks/opanuj-typescript-praktyka/node_modules/@vitest/runner/dist/index.js:1191:13)"],"meta":{}},{"ancestorTitles":["Using type guards"],"fullName":"Using type guards should handle unknown notification type","status":"failed","title":"should handle unknown notification type","duration":2425.1545,"failureMessages":["AssertionError: expected ' ' to be 'Unknown notification' // Object.is equality\n    at /Users/admin/code/forks/opanuj-typescript-praktyka/tasks/core-pro/221-type-guard/type-guard.spec.ts:23:74\n    at file:///Users/admin/code/forks/opanuj-typescript-praktyka/node_modules/@vitest/runner/dist/index.js:146:14\n    at file:///Users/admin/code/forks/opanuj-typescript-praktyka/node_modules/@vitest/runner/dist/index.js:533:11\n    at runWithTimeout (file:///Users/admin/code/forks/opanuj-typescript-praktyka/node_modules/@vitest/runner/dist/index.js:39:7)\n    at runTest (file:///Users/admin/code/forks/opanuj-typescript-praktyka/node_modules/@vitest/runner/dist/index.js:1056:17)\n    at processTicksAndRejections (node:internal/process/task_queues:95:5)\n    at async Promise.all (index 2)\n    at runSuite (file:///Users/admin/code/forks/opanuj-typescript-praktyka/node_modules/@vitest/runner/dist/index.js:1191:13)\n    at async Promise.all (index 0)\n    at runSuite (file:///Users/admin/code/forks/opanuj-typescript-praktyka/node_modules/@vitest/runner/dist/index.js:1191:13)"],"meta":{}}],"startTime":1733944177506,"endTime":1733944179932.7695,"status":"failed","message":"","name":"/Users/admin/code/forks/opanuj-typescript-praktyka/tasks/core-pro/221-type-guard/type-guard.spec.ts"},{"assertionResults":[],"startTime":1733944176192,"endTime":1733944176192,"status":"failed","message":"NieobsÅ‚ugiwane zdarzenie: {\"type\":\"resize\",\"width\":1024,\"height\":768}","name":"/Users/admin/code/forks/opanuj-typescript-praktyka/tasks/core-pro/231-never-say-never/never.spec.ts"},{"assertionResults":[],"startTime":1733944176192,"endTime":1733944176192,"status":"failed","message":"Not implemented","name":"/Users/admin/code/forks/opanuj-typescript-praktyka/tasks/core-pro/311-generics-swapbox/swapbox.spec.ts"},{"assertionResults":[{"ancestorTitles":["IdentityProcessor"],"fullName":"IdentityProcessor should compile","status":"passed","title":"should compile","duration":1319.5699999999997,"failureMessages":[],"meta":{}},{"ancestorTitles":["IdentityProcessor"],"fullName":"IdentityProcessor should find by id","status":"failed","title":"should find by id","duration":1319.4157919999998,"failureMessages":["TypeError: processor.findById is not a function\n    at /Users/admin/code/forks/opanuj-typescript-praktyka/tasks/core-pro/321-generics-identity/identity.spec.ts:14:32\n    at file:///Users/admin/code/forks/opanuj-typescript-praktyka/node_modules/@vitest/runner/dist/index.js:146:14\n    at file:///Users/admin/code/forks/opanuj-typescript-praktyka/node_modules/@vitest/runner/dist/index.js:533:11\n    at runWithTimeout (file:///Users/admin/code/forks/opanuj-typescript-praktyka/node_modules/@vitest/runner/dist/index.js:39:7)\n    at runTest (file:///Users/admin/code/forks/opanuj-typescript-praktyka/node_modules/@vitest/runner/dist/index.js:1056:17)\n    at processTicksAndRejections (node:internal/process/task_queues:95:5)\n    at async Promise.all (index 1)\n    at runSuite (file:///Users/admin/code/forks/opanuj-typescript-praktyka/node_modules/@vitest/runner/dist/index.js:1191:13)\n    at async Promise.all (index 0)\n    at runSuite (file:///Users/admin/code/forks/opanuj-typescript-praktyka/node_modules/@vitest/runner/dist/index.js:1191:13)"],"meta":{}}],"startTime":1733944180149,"endTime":1733944181468.57,"status":"failed","message":"","name":"/Users/admin/code/forks/opanuj-typescript-praktyka/tasks/core-pro/321-generics-identity/identity.spec.ts"},{"assertionResults":[{"ancestorTitles":["Generic Message Bug"],"fullName":"Generic Message Bug should compile","status":"failed","title":"should compile","duration":2499.505792,"failureMessages":["Error: \nðŸš¨ Wykryto nastÄ™pujÄ…ce bÅ‚Ä™dy kompilacji:\n\nCannot find name 'MessageType'.\n\n    at Proxy.expectWrapper (file:///Users/admin/code/forks/opanuj-typescript-praktyka/node_modules/@vitest/expect/dist/index.js:1996:19)\n    at Proxy.<anonymous> (file:///Users/admin/code/forks/opanuj-typescript-praktyka/node_modules/@vitest/expect/dist/index.js:972:17)\n    at Proxy.methodWrapper (file:///Users/admin/code/forks/opanuj-typescript-praktyka/node_modules/chai/chai.js:1610:25)\n    at /Users/admin/code/forks/opanuj-typescript-praktyka/tasks/core-pro/322-generics-messaging/messaging.spec.ts:9:25\n    at file:///Users/admin/code/forks/opanuj-typescript-praktyka/node_modules/@vitest/runner/dist/index.js:146:14\n    at file:///Users/admin/code/forks/opanuj-typescript-praktyka/node_modules/@vitest/runner/dist/index.js:533:11\n    at runWithTimeout (file:///Users/admin/code/forks/opanuj-typescript-praktyka/node_modules/@vitest/runner/dist/index.js:39:7)\n    at runTest (file:///Users/admin/code/forks/opanuj-typescript-praktyka/node_modules/@vitest/runner/dist/index.js:1056:17)\n    at processTicksAndRejections (node:internal/process/task_queues:95:5)\n    at async Promise.all (index 0)"],"meta":{}},{"ancestorTitles":["Generic Message Bug"],"fullName":"Generic Message Bug should track products in stock","status":"failed","title":"should track products in stock","duration":2499.426209,"failureMessages":["Error: Not implemented\n    at InventoryStockTracker.subscribeToMessages (/Users/admin/code/forks/opanuj-typescript-praktyka/tasks/core-pro/322-generics-messaging/task.ts:41:11)\n    at new InventoryStockTracker (/Users/admin/code/forks/opanuj-typescript-praktyka/tasks/core-pro/322-generics-messaging/task.ts:37:10)\n    at /Users/admin/code/forks/opanuj-typescript-praktyka/tasks/core-pro/322-generics-messaging/messaging.spec.ts:18:21\n    at file:///Users/admin/code/forks/opanuj-typescript-praktyka/node_modules/@vitest/runner/dist/index.js:146:14\n    at file:///Users/admin/code/forks/opanuj-typescript-praktyka/node_modules/@vitest/runner/dist/index.js:533:11\n    at runWithTimeout (file:///Users/admin/code/forks/opanuj-typescript-praktyka/node_modules/@vitest/runner/dist/index.js:39:7)\n    at runTest (file:///Users/admin/code/forks/opanuj-typescript-praktyka/node_modules/@vitest/runner/dist/index.js:1056:17)\n    at processTicksAndRejections (node:internal/process/task_queues:95:5)\n    at async Promise.all (index 1)\n    at runSuite (file:///Users/admin/code/forks/opanuj-typescript-praktyka/node_modules/@vitest/runner/dist/index.js:1191:13)"],"meta":{}}],"startTime":1733944177512,"endTime":1733944180011.5059,"status":"failed","message":"","name":"/Users/admin/code/forks/opanuj-typescript-praktyka/tasks/core-pro/322-generics-messaging/messaging.spec.ts"},{"assertionResults":[{"ancestorTitles":["MergableObject type"],"fullName":"MergableObject type should allow merging objects","status":"passed","title":"should allow merging objects","duration":1400.9652499999993,"failureMessages":[],"meta":{}},{"ancestorTitles":["MergableObject type"],"fullName":"MergableObject type should disallow merging non-objects","status":"failed","title":"should disallow merging non-objects","duration":1400.858875,"failureMessages":["Error: \nðŸš¨ Oczekiwano bÅ‚Ä™dÃ³w kompilacji - upewnij siÄ™, Å¼e typy sÄ… odpowiednio zdefiniowane.\n    at Proxy.expectWrapper (file:///Users/admin/code/forks/opanuj-typescript-praktyka/node_modules/@vitest/expect/dist/index.js:1996:19)\n    at Proxy.<anonymous> (file:///Users/admin/code/forks/opanuj-typescript-praktyka/node_modules/@vitest/expect/dist/index.js:972:17)\n    at Proxy.methodWrapper (file:///Users/admin/code/forks/opanuj-typescript-praktyka/node_modules/chai/chai.js:1610:25)\n    at /Users/admin/code/forks/opanuj-typescript-praktyka/tasks/core-pro/331-generics-mergable/mergable.spec.ts:13:29\n    at file:///Users/admin/code/forks/opanuj-typescript-praktyka/node_modules/@vitest/runner/dist/index.js:146:14\n    at file:///Users/admin/code/forks/opanuj-typescript-praktyka/node_modules/@vitest/runner/dist/index.js:533:11\n    at runWithTimeout (file:///Users/admin/code/forks/opanuj-typescript-praktyka/node_modules/@vitest/runner/dist/index.js:39:7)\n    at runTest (file:///Users/admin/code/forks/opanuj-typescript-praktyka/node_modules/@vitest/runner/dist/index.js:1056:17)\n    at processTicksAndRejections (node:internal/process/task_queues:95:5)\n    at async Promise.all (index 1)"],"meta":{}}],"startTime":1733944181299,"endTime":1733944182699.9653,"status":"failed","message":"","name":"/Users/admin/code/forks/opanuj-typescript-praktyka/tasks/core-pro/331-generics-mergable/mergable.spec.ts"},{"assertionResults":[{"ancestorTitles":["Data Access Layer Tests"],"fullName":"Data Access Layer Tests should compile without errors","status":"passed","title":"should compile without errors","duration":2827.1909159999996,"failureMessages":[],"meta":{}},{"ancestorTitles":["Data Access Layer Tests","UserRepository Tests"],"fullName":"Data Access Layer Tests UserRepository Tests should insert a new user","status":"failed","title":"should insert a new user","duration":2826.8720000000003,"failureMessages":["TypeError: userRepository.insert is not a function\n    at /Users/admin/code/forks/opanuj-typescript-praktyka/tasks/core-pro/341-generics-repository/repository.spec.ts:25:41\n    at file:///Users/admin/code/forks/opanuj-typescript-praktyka/node_modules/@vitest/runner/dist/index.js:146:14\n    at file:///Users/admin/code/forks/opanuj-typescript-praktyka/node_modules/@vitest/runner/dist/index.js:533:11\n    at runWithTimeout (file:///Users/admin/code/forks/opanuj-typescript-praktyka/node_modules/@vitest/runner/dist/index.js:39:7)\n    at runTest (file:///Users/admin/code/forks/opanuj-typescript-praktyka/node_modules/@vitest/runner/dist/index.js:1056:17)\n    at processTicksAndRejections (node:internal/process/task_queues:95:5)\n    at async Promise.all (index 0)\n    at runSuite (file:///Users/admin/code/forks/opanuj-typescript-praktyka/node_modules/@vitest/runner/dist/index.js:1191:13)\n    at async Promise.all (index 1)\n    at runSuite (file:///Users/admin/code/forks/opanuj-typescript-praktyka/node_modules/@vitest/runner/dist/index.js:1191:13)"],"meta":{}},{"ancestorTitles":["Data Access Layer Tests","UserRepository Tests"],"fullName":"Data Access Layer Tests UserRepository Tests should get a user by id","status":"failed","title":"should get a user by id","duration":2826.846125,"failureMessages":["TypeError: userRepository.insert is not a function\n    at /Users/admin/code/forks/opanuj-typescript-praktyka/tasks/core-pro/341-generics-repository/repository.spec.ts:36:44\n    at file:///Users/admin/code/forks/opanuj-typescript-praktyka/node_modules/@vitest/runner/dist/index.js:146:14\n    at file:///Users/admin/code/forks/opanuj-typescript-praktyka/node_modules/@vitest/runner/dist/index.js:533:11\n    at runWithTimeout (file:///Users/admin/code/forks/opanuj-typescript-praktyka/node_modules/@vitest/runner/dist/index.js:39:7)\n    at runTest (file:///Users/admin/code/forks/opanuj-typescript-praktyka/node_modules/@vitest/runner/dist/index.js:1056:17)\n    at processTicksAndRejections (node:internal/process/task_queues:95:5)\n    at async Promise.all (index 1)\n    at runSuite (file:///Users/admin/code/forks/opanuj-typescript-praktyka/node_modules/@vitest/runner/dist/index.js:1191:13)\n    at async Promise.all (index 1)\n    at runSuite (file:///Users/admin/code/forks/opanuj-typescript-praktyka/node_modules/@vitest/runner/dist/index.js:1191:13)"],"meta":{}},{"ancestorTitles":["Data Access Layer Tests","UserRepository Tests"],"fullName":"Data Access Layer Tests UserRepository Tests should get all users","status":"failed","title":"should get all users","duration":2826.821125,"failureMessages":["TypeError: userRepository.insert is not a function\n    at /Users/admin/code/forks/opanuj-typescript-praktyka/tasks/core-pro/341-generics-repository/repository.spec.ts:45:28\n    at file:///Users/admin/code/forks/opanuj-typescript-praktyka/node_modules/@vitest/runner/dist/index.js:146:14\n    at file:///Users/admin/code/forks/opanuj-typescript-praktyka/node_modules/@vitest/runner/dist/index.js:533:11\n    at runWithTimeout (file:///Users/admin/code/forks/opanuj-typescript-praktyka/node_modules/@vitest/runner/dist/index.js:39:7)\n    at runTest (file:///Users/admin/code/forks/opanuj-typescript-praktyka/node_modules/@vitest/runner/dist/index.js:1056:17)\n    at processTicksAndRejections (node:internal/process/task_queues:95:5)\n    at async Promise.all (index 2)\n    at runSuite (file:///Users/admin/code/forks/opanuj-typescript-praktyka/node_modules/@vitest/runner/dist/index.js:1191:13)\n    at async Promise.all (index 1)\n    at runSuite (file:///Users/admin/code/forks/opanuj-typescript-praktyka/node_modules/@vitest/runner/dist/index.js:1191:13)"],"meta":{}},{"ancestorTitles":["Data Access Layer Tests","ProductRepository Tests"],"fullName":"Data Access Layer Tests ProductRepository Tests should insert a new product","status":"failed","title":"should insert a new product","duration":2826.677542,"failureMessages":["TypeError: productRepository.insert is not a function\n    at /Users/admin/code/forks/opanuj-typescript-praktyka/tasks/core-pro/341-generics-repository/repository.spec.ts:54:47\n    at file:///Users/admin/code/forks/opanuj-typescript-praktyka/node_modules/@vitest/runner/dist/index.js:146:14\n    at file:///Users/admin/code/forks/opanuj-typescript-praktyka/node_modules/@vitest/runner/dist/index.js:533:11\n    at runWithTimeout (file:///Users/admin/code/forks/opanuj-typescript-praktyka/node_modules/@vitest/runner/dist/index.js:39:7)\n    at runTest (file:///Users/admin/code/forks/opanuj-typescript-praktyka/node_modules/@vitest/runner/dist/index.js:1056:17)\n    at processTicksAndRejections (node:internal/process/task_queues:95:5)\n    at async Promise.all (index 0)\n    at runSuite (file:///Users/admin/code/forks/opanuj-typescript-praktyka/node_modules/@vitest/runner/dist/index.js:1191:13)\n    at async Promise.all (index 2)\n    at runSuite (file:///Users/admin/code/forks/opanuj-typescript-praktyka/node_modules/@vitest/runner/dist/index.js:1191:13)"],"meta":{}},{"ancestorTitles":["Data Access Layer Tests","ProductRepository Tests"],"fullName":"Data Access Layer Tests ProductRepository Tests should get a product by id","status":"failed","title":"should get a product by id","duration":1.8492080000000897,"failureMessages":["TypeError: productRepository.insert is not a function\n    at /Users/admin/code/forks/opanuj-typescript-praktyka/tasks/core-pro/341-generics-repository/repository.spec.ts:61:50\n    at file:///Users/admin/code/forks/opanuj-typescript-praktyka/node_modules/@vitest/runner/dist/index.js:146:14\n    at file:///Users/admin/code/forks/opanuj-typescript-praktyka/node_modules/@vitest/runner/dist/index.js:533:11\n    at runWithTimeout (file:///Users/admin/code/forks/opanuj-typescript-praktyka/node_modules/@vitest/runner/dist/index.js:39:7)\n    at runTest (file:///Users/admin/code/forks/opanuj-typescript-praktyka/node_modules/@vitest/runner/dist/index.js:1056:17)\n    at processTicksAndRejections (node:internal/process/task_queues:95:5)\n    at async Promise.all (index 1)\n    at runSuite (file:///Users/admin/code/forks/opanuj-typescript-praktyka/node_modules/@vitest/runner/dist/index.js:1191:13)\n    at async Promise.all (index 2)\n    at runSuite (file:///Users/admin/code/forks/opanuj-typescript-praktyka/node_modules/@vitest/runner/dist/index.js:1191:13)"],"meta":{}},{"ancestorTitles":["Data Access Layer Tests","ProductRepository Tests"],"fullName":"Data Access Layer Tests ProductRepository Tests should get all products","status":"failed","title":"should get all products","duration":1.5735420000000886,"failureMessages":["TypeError: productRepository.insert is not a function\n    at /Users/admin/code/forks/opanuj-typescript-praktyka/tasks/core-pro/341-generics-repository/repository.spec.ts:70:31\n    at file:///Users/admin/code/forks/opanuj-typescript-praktyka/node_modules/@vitest/runner/dist/index.js:146:14\n    at file:///Users/admin/code/forks/opanuj-typescript-praktyka/node_modules/@vitest/runner/dist/index.js:533:11\n    at runWithTimeout (file:///Users/admin/code/forks/opanuj-typescript-praktyka/node_modules/@vitest/runner/dist/index.js:39:7)\n    at runTest (file:///Users/admin/code/forks/opanuj-typescript-praktyka/node_modules/@vitest/runner/dist/index.js:1056:17)\n    at processTicksAndRejections (node:internal/process/task_queues:95:5)\n    at async Promise.all (index 2)\n    at runSuite (file:///Users/admin/code/forks/opanuj-typescript-praktyka/node_modules/@vitest/runner/dist/index.js:1191:13)\n    at async Promise.all (index 2)\n    at runSuite (file:///Users/admin/code/forks/opanuj-typescript-praktyka/node_modules/@vitest/runner/dist/index.js:1191:13)"],"meta":{}}],"startTime":1733944177530,"endTime":1733944180359.849,"status":"failed","message":"","name":"/Users/admin/code/forks/opanuj-typescript-praktyka/tasks/core-pro/341-generics-repository/repository.spec.ts"},{"assertionResults":[{"ancestorTitles":["Mapped Types"],"fullName":"Mapped Types should compile when implemented","status":"failed","title":"should compile when implemented","duration":1139.8289160000004,"failureMessages":["Error: \nðŸš¨ Wykryto nastÄ™pujÄ…ce bÅ‚Ä™dy kompilacji:\n\nA function whose declared type is neither 'undefined', 'void', nor 'any' must return a value.\n\n    at Proxy.expectWrapper (file:///Users/admin/code/forks/opanuj-typescript-praktyka/node_modules/@vitest/expect/dist/index.js:1996:19)\n    at Proxy.<anonymous> (file:///Users/admin/code/forks/opanuj-typescript-praktyka/node_modules/@vitest/expect/dist/index.js:972:17)\n    at Proxy.methodWrapper (file:///Users/admin/code/forks/opanuj-typescript-praktyka/node_modules/chai/chai.js:1610:25)\n    at /Users/admin/code/forks/opanuj-typescript-praktyka/tasks/core-pro/411-mapped-access/access.spec.ts:9:25\n    at file:///Users/admin/code/forks/opanuj-typescript-praktyka/node_modules/@vitest/runner/dist/index.js:146:14\n    at file:///Users/admin/code/forks/opanuj-typescript-praktyka/node_modules/@vitest/runner/dist/index.js:533:11\n    at runWithTimeout (file:///Users/admin/code/forks/opanuj-typescript-praktyka/node_modules/@vitest/runner/dist/index.js:39:7)\n    at runTest (file:///Users/admin/code/forks/opanuj-typescript-praktyka/node_modules/@vitest/runner/dist/index.js:1056:17)\n    at processTicksAndRejections (node:internal/process/task_queues:95:5)\n    at async Promise.all (index 0)"],"meta":{}},{"ancestorTitles":["Mapped Types"],"fullName":"Mapped Types should return valid access map","status":"failed","title":"should return valid access map","duration":1139.7005000000004,"failureMessages":["TypeError: Cannot read properties of undefined (reading 'homepage')\n    at /Users/admin/code/forks/opanuj-typescript-praktyka/tasks/core-pro/411-mapped-access/access.spec.ts:19:27\n    at file:///Users/admin/code/forks/opanuj-typescript-praktyka/node_modules/@vitest/runner/dist/index.js:146:14\n    at file:///Users/admin/code/forks/opanuj-typescript-praktyka/node_modules/@vitest/runner/dist/index.js:533:11\n    at runWithTimeout (file:///Users/admin/code/forks/opanuj-typescript-praktyka/node_modules/@vitest/runner/dist/index.js:39:7)\n    at runTest (file:///Users/admin/code/forks/opanuj-typescript-praktyka/node_modules/@vitest/runner/dist/index.js:1056:17)\n    at processTicksAndRejections (node:internal/process/task_queues:95:5)\n    at async Promise.all (index 1)\n    at runSuite (file:///Users/admin/code/forks/opanuj-typescript-praktyka/node_modules/@vitest/runner/dist/index.js:1191:13)\n    at async Promise.all (index 0)\n    at runSuite (file:///Users/admin/code/forks/opanuj-typescript-praktyka/node_modules/@vitest/runner/dist/index.js:1191:13)"],"meta":{}}],"startTime":1733944180091,"endTime":1733944181230.8289,"status":"failed","message":"","name":"/Users/admin/code/forks/opanuj-typescript-praktyka/tasks/core-pro/411-mapped-access/access.spec.ts"},{"assertionResults":[{"ancestorTitles":["Mapped Field Extender"],"fullName":"Mapped Field Extender should compile when implemented","status":"failed","title":"should compile when implemented","duration":1202.7765839999993,"failureMessages":["Error: \nðŸš¨ Wykryto nastÄ™pujÄ…ce bÅ‚Ä™dy kompilacji:\n\nType '{ value: string; isUpdated: false; updatedAt: null; }' is not assignable to type 'string'.\nType '{ value: string; isUpdated: true; updatedAt: number; }' is not assignable to type 'string'.\n\n    at Proxy.expectWrapper (file:///Users/admin/code/forks/opanuj-typescript-praktyka/node_modules/@vitest/expect/dist/index.js:1996:19)\n    at Proxy.<anonymous> (file:///Users/admin/code/forks/opanuj-typescript-praktyka/node_modules/@vitest/expect/dist/index.js:972:17)\n    at Proxy.methodWrapper (file:///Users/admin/code/forks/opanuj-typescript-praktyka/node_modules/chai/chai.js:1610:25)\n    at /Users/admin/code/forks/opanuj-typescript-praktyka/tasks/core-pro/412-mapped-extender/extender.spec.ts:9:25\n    at file:///Users/admin/code/forks/opanuj-typescript-praktyka/node_modules/@vitest/runner/dist/index.js:146:14\n    at file:///Users/admin/code/forks/opanuj-typescript-praktyka/node_modules/@vitest/runner/dist/index.js:533:11\n    at runWithTimeout (file:///Users/admin/code/forks/opanuj-typescript-praktyka/node_modules/@vitest/runner/dist/index.js:39:7)\n    at runTest (file:///Users/admin/code/forks/opanuj-typescript-praktyka/node_modules/@vitest/runner/dist/index.js:1056:17)\n    at processTicksAndRejections (node:internal/process/task_queues:95:5)\n    at async Promise.all (index 0)"],"meta":{}},{"ancestorTitles":["Mapped Field Extender"],"fullName":"Mapped Field Extender should extend existing types","status":"passed","title":"should extend existing types","duration":1202.6724169999998,"failureMessages":[],"meta":{}}],"startTime":1733944180501,"endTime":1733944181703.7766,"status":"failed","message":"","name":"/Users/admin/code/forks/opanuj-typescript-praktyka/tasks/core-pro/412-mapped-extender/extender.spec.ts"},{"assertionResults":[{"ancestorTitles":["Binary Literals"],"fullName":"Binary Literals should compile when implemented","status":"failed","title":"should compile when implemented","duration":2106.017416,"failureMessages":["Error: \nðŸš¨ Wykryto nastÄ™pujÄ…ce bÅ‚Ä™dy kompilacji:\n\nType '\"110-111-001\"' is not assignable to type 'null'.\nType '\"000-000-101\"' is not assignable to type 'null'.\nType '\"011-100-101\"' is not assignable to type 'null'.\n\n    at Proxy.expectWrapper (file:///Users/admin/code/forks/opanuj-typescript-praktyka/node_modules/@vitest/expect/dist/index.js:1996:19)\n    at Proxy.<anonymous> (file:///Users/admin/code/forks/opanuj-typescript-praktyka/node_modules/@vitest/expect/dist/index.js:972:17)\n    at Proxy.methodWrapper (file:///Users/admin/code/forks/opanuj-typescript-praktyka/node_modules/chai/chai.js:1610:25)\n    at /Users/admin/code/forks/opanuj-typescript-praktyka/tasks/core-pro/421-literals-code/code.spec.ts:9:25\n    at file:///Users/admin/code/forks/opanuj-typescript-praktyka/node_modules/@vitest/runner/dist/index.js:146:14\n    at file:///Users/admin/code/forks/opanuj-typescript-praktyka/node_modules/@vitest/runner/dist/index.js:533:11\n    at runWithTimeout (file:///Users/admin/code/forks/opanuj-typescript-praktyka/node_modules/@vitest/runner/dist/index.js:39:7)\n    at runTest (file:///Users/admin/code/forks/opanuj-typescript-praktyka/node_modules/@vitest/runner/dist/index.js:1056:17)\n    at processTicksAndRejections (node:internal/process/task_queues:95:5)\n    at async Promise.all (index 0)"],"meta":{}},{"ancestorTitles":["Binary Literals"],"fullName":"Binary Literals should not compile when implemented","status":"passed","title":"should not compile when implemented","duration":2105.897209,"failureMessages":[],"meta":{}},{"ancestorTitles":["Binary Literals"],"fullName":"Binary Literals should decode binary to decimal","status":"failed","title":"should decode binary to decimal","duration":2105.7340830000003,"failureMessages":["Error: Not implemented\n    at codeToDecimal (/Users/admin/code/forks/opanuj-typescript-praktyka/tasks/core-pro/421-literals-code/task.ts:4:9)\n    at /Users/admin/code/forks/opanuj-typescript-praktyka/tasks/core-pro/421-literals-code/code.spec.ts:18:12\n    at file:///Users/admin/code/forks/opanuj-typescript-praktyka/node_modules/@vitest/runner/dist/index.js:146:14\n    at file:///Users/admin/code/forks/opanuj-typescript-praktyka/node_modules/@vitest/runner/dist/index.js:533:11\n    at runWithTimeout (file:///Users/admin/code/forks/opanuj-typescript-praktyka/node_modules/@vitest/runner/dist/index.js:39:7)\n    at runTest (file:///Users/admin/code/forks/opanuj-typescript-praktyka/node_modules/@vitest/runner/dist/index.js:1056:17)\n    at processTicksAndRejections (node:internal/process/task_queues:95:5)\n    at async Promise.all (index 2)\n    at runSuite (file:///Users/admin/code/forks/opanuj-typescript-praktyka/node_modules/@vitest/runner/dist/index.js:1191:13)\n    at async Promise.all (index 0)"],"meta":{}}],"startTime":1733944180045,"endTime":1733944182151.0173,"status":"failed","message":"","name":"/Users/admin/code/forks/opanuj-typescript-praktyka/tasks/core-pro/421-literals-code/code.spec.ts"},{"assertionResults":[{"ancestorTitles":["Table Type"],"fullName":"Table Type should compile when implemented","status":"failed","title":"should compile when implemented","duration":813.0736660000002,"failureMessages":["Error: \nðŸš¨ Wykryto nastÄ™pujÄ…ce bÅ‚Ä™dy kompilacji:\n\nGeneric type 'Table' requires 2 type argument(s).\nGeneric type 'Table' requires 2 type argument(s).\nGeneric type 'Table' requires 2 type argument(s).\n\n    at Proxy.expectWrapper (file:///Users/admin/code/forks/opanuj-typescript-praktyka/node_modules/@vitest/expect/dist/index.js:1996:19)\n    at Proxy.<anonymous> (file:///Users/admin/code/forks/opanuj-typescript-praktyka/node_modules/@vitest/expect/dist/index.js:972:17)\n    at Proxy.methodWrapper (file:///Users/admin/code/forks/opanuj-typescript-praktyka/node_modules/chai/chai.js:1610:25)\n    at /Users/admin/code/forks/opanuj-typescript-praktyka/tasks/core-pro/422-literals-table/table.spec.ts:8:25\n    at file:///Users/admin/code/forks/opanuj-typescript-praktyka/node_modules/@vitest/runner/dist/index.js:146:14\n    at file:///Users/admin/code/forks/opanuj-typescript-praktyka/node_modules/@vitest/runner/dist/index.js:533:11\n    at runWithTimeout (file:///Users/admin/code/forks/opanuj-typescript-praktyka/node_modules/@vitest/runner/dist/index.js:39:7)\n    at runTest (file:///Users/admin/code/forks/opanuj-typescript-praktyka/node_modules/@vitest/runner/dist/index.js:1056:17)\n    at processTicksAndRejections (node:internal/process/task_queues:95:5)\n    at async Promise.all (index 0)"],"meta":{}}],"startTime":1733944181475,"endTime":1733944182288.0737,"status":"failed","message":"","name":"/Users/admin/code/forks/opanuj-typescript-praktyka/tasks/core-pro/422-literals-table/table.spec.ts"},{"assertionResults":[{"ancestorTitles":["Conditional Types"],"fullName":"Conditional Types should compile when implemented","status":"failed","title":"should compile when implemented","duration":1216.4814169999995,"failureMessages":["Error: \nðŸš¨ Wykryto nastÄ™pujÄ…ce bÅ‚Ä™dy kompilacji:\n\nUnused '@ts-expect-error' directive.\n\n    at Proxy.expectWrapper (file:///Users/admin/code/forks/opanuj-typescript-praktyka/node_modules/@vitest/expect/dist/index.js:1996:19)\n    at Proxy.<anonymous> (file:///Users/admin/code/forks/opanuj-typescript-praktyka/node_modules/@vitest/expect/dist/index.js:972:17)\n    at Proxy.methodWrapper (file:///Users/admin/code/forks/opanuj-typescript-praktyka/node_modules/chai/chai.js:1610:25)\n    at /Users/admin/code/forks/opanuj-typescript-praktyka/tasks/core-pro/431-conditional-getters/getters.spec.ts:9:25\n    at file:///Users/admin/code/forks/opanuj-typescript-praktyka/node_modules/@vitest/runner/dist/index.js:146:14\n    at file:///Users/admin/code/forks/opanuj-typescript-praktyka/node_modules/@vitest/runner/dist/index.js:533:11\n    at runWithTimeout (file:///Users/admin/code/forks/opanuj-typescript-praktyka/node_modules/@vitest/runner/dist/index.js:39:7)\n    at runTest (file:///Users/admin/code/forks/opanuj-typescript-praktyka/node_modules/@vitest/runner/dist/index.js:1056:17)\n    at processTicksAndRejections (node:internal/process/task_queues:95:5)\n    at async Promise.all (index 0)"],"meta":{}},{"ancestorTitles":["Conditional Types"],"fullName":"Conditional Types should return all orders","status":"passed","title":"should return all orders","duration":1216.4194170000005,"failureMessages":[],"meta":{}}],"startTime":1733944180048,"endTime":1733944181265.4194,"status":"failed","message":"","name":"/Users/admin/code/forks/opanuj-typescript-praktyka/tasks/core-pro/431-conditional-getters/getters.spec.ts"},{"assertionResults":[{"ancestorTitles":["Field Cleaner Type"],"fullName":"Field Cleaner Type should compile when implemented","status":"failed","title":"should compile when implemented","duration":924.7105409999995,"failureMessages":["Error: \nðŸš¨ Wykryto nastÄ™pujÄ…ce bÅ‚Ä™dy kompilacji:\n\nType '{ price: number; }' is missing the following properties from type 'FieldTypeCleaner<Phone, string>': brand, model\nType '{ name: string; }' is missing the following properties from type 'FieldTypeCleaner<Person, number | boolean>': age, isActive\n\n    at Proxy.expectWrapper (file:///Users/admin/code/forks/opanuj-typescript-praktyka/node_modules/@vitest/expect/dist/index.js:1996:19)\n    at Proxy.<anonymous> (file:///Users/admin/code/forks/opanuj-typescript-praktyka/node_modules/@vitest/expect/dist/index.js:972:17)\n    at Proxy.methodWrapper (file:///Users/admin/code/forks/opanuj-typescript-praktyka/node_modules/chai/chai.js:1610:25)\n    at /Users/admin/code/forks/opanuj-typescript-praktyka/tasks/core-pro/432-conditional-cleaner/cleaner.spec.ts:8:25\n    at file:///Users/admin/code/forks/opanuj-typescript-praktyka/node_modules/@vitest/runner/dist/index.js:146:14\n    at file:///Users/admin/code/forks/opanuj-typescript-praktyka/node_modules/@vitest/runner/dist/index.js:533:11\n    at runWithTimeout (file:///Users/admin/code/forks/opanuj-typescript-praktyka/node_modules/@vitest/runner/dist/index.js:39:7)\n    at runTest (file:///Users/admin/code/forks/opanuj-typescript-praktyka/node_modules/@vitest/runner/dist/index.js:1056:17)\n    at processTicksAndRejections (node:internal/process/task_queues:95:5)\n    at async Promise.all (index 0)"],"meta":{}}],"startTime":1733944181290,"endTime":1733944182214.7104,"status":"failed","message":"","name":"/Users/admin/code/forks/opanuj-typescript-praktyka/tasks/core-pro/432-conditional-cleaner/cleaner.spec.ts"},{"assertionResults":[{"ancestorTitles":["Inferred Radar"],"fullName":"Inferred Radar should compile when type is implemented","status":"passed","title":"should compile when type is implemented","duration":2065.223291,"failureMessages":[],"meta":{}},{"ancestorTitles":["Inferred Radar"],"fullName":"Inferred Radar should compile when code is implemented","status":"failed","title":"should compile when code is implemented","duration":2065.1556250000003,"failureMessages":["Error: \nðŸš¨ Wykryto nastÄ™pujÄ…ce bÅ‚Ä™dy kompilacji:\n\nType 'RewardRadar' is not generic.\nType 'RewardRadar' is not generic.\nType 'RewardRadar' is not generic.\n\n    at Proxy.expectWrapper (file:///Users/admin/code/forks/opanuj-typescript-praktyka/node_modules/@vitest/expect/dist/index.js:1996:19)\n    at Proxy.<anonymous> (file:///Users/admin/code/forks/opanuj-typescript-praktyka/node_modules/@vitest/expect/dist/index.js:972:17)\n    at Proxy.methodWrapper (file:///Users/admin/code/forks/opanuj-typescript-praktyka/node_modules/chai/chai.js:1610:25)\n    at /Users/admin/code/forks/opanuj-typescript-praktyka/tasks/core-pro/441-infer-reward/reward.spec.ts:14:25\n    at file:///Users/admin/code/forks/opanuj-typescript-praktyka/node_modules/@vitest/runner/dist/index.js:146:14\n    at file:///Users/admin/code/forks/opanuj-typescript-praktyka/node_modules/@vitest/runner/dist/index.js:533:11\n    at runWithTimeout (file:///Users/admin/code/forks/opanuj-typescript-praktyka/node_modules/@vitest/runner/dist/index.js:39:7)\n    at runTest (file:///Users/admin/code/forks/opanuj-typescript-praktyka/node_modules/@vitest/runner/dist/index.js:1056:17)\n    at processTicksAndRejections (node:internal/process/task_queues:95:5)\n    at async Promise.all (index 1)"],"meta":{}},{"ancestorTitles":["Inferred Radar"],"fullName":"Inferred Radar should return the reward","status":"passed","title":"should return the reward","duration":2065.143417,"failureMessages":[],"meta":{}}],"startTime":1733944180090,"endTime":1733944182156.1555,"status":"failed","message":"","name":"/Users/admin/code/forks/opanuj-typescript-praktyka/tasks/core-pro/441-infer-reward/reward.spec.ts"},{"assertionResults":[{"ancestorTitles":["Inferred Flags V2"],"fullName":"Inferred Flags V2 should compile when implemented","status":"passed","title":"should compile when implemented","duration":2436.092542,"failureMessages":[],"meta":{}},{"ancestorTitles":["Inferred Flags V2"],"fullName":"Inferred Flags V2 should return the flags from v2 app version","status":"failed","title":"should return the flags from v2 app version","duration":2434.1112080000003,"failureMessages":["AssertionError: expected {} to deeply equal { isSearchEnabled: false, â€¦(2) }\n    at /Users/admin/code/forks/opanuj-typescript-praktyka/tasks/core-pro/442-infer-flags/flags.spec.ts:15:19\n    at file:///Users/admin/code/forks/opanuj-typescript-praktyka/node_modules/@vitest/runner/dist/index.js:146:14\n    at file:///Users/admin/code/forks/opanuj-typescript-praktyka/node_modules/@vitest/runner/dist/index.js:533:11\n    at runWithTimeout (file:///Users/admin/code/forks/opanuj-typescript-praktyka/node_modules/@vitest/runner/dist/index.js:39:7)\n    at runTest (file:///Users/admin/code/forks/opanuj-typescript-praktyka/node_modules/@vitest/runner/dist/index.js:1056:17)\n    at processTicksAndRejections (node:internal/process/task_queues:95:5)\n    at async Promise.all (index 1)\n    at runSuite (file:///Users/admin/code/forks/opanuj-typescript-praktyka/node_modules/@vitest/runner/dist/index.js:1191:13)\n    at async Promise.all (index 0)\n    at runSuite (file:///Users/admin/code/forks/opanuj-typescript-praktyka/node_modules/@vitest/runner/dist/index.js:1191:13)"],"meta":{}},{"ancestorTitles":["Inferred Flags V2"],"fullName":"Inferred Flags V2 should not return flags that are not in the v2 app version","status":"passed","title":"should not return flags that are not in the v2 app version","duration":2433.946458,"failureMessages":[],"meta":{}}],"startTime":1733944177546,"endTime":1733944179982.1113,"status":"failed","message":"","name":"/Users/admin/code/forks/opanuj-typescript-praktyka/tasks/core-pro/442-infer-flags/flags.spec.ts"},{"assertionResults":[{"ancestorTitles":["Type details"],"fullName":"Type details should compile when implemented","status":"failed","title":"should compile when implemented","duration":2473.555792,"failureMessages":["Error: \nðŸš¨ Wykryto nastÄ™pujÄ…ce bÅ‚Ä™dy kompilacji:\n\nProperty 'width' does not exist on type 'Shape'.\n\n    at Proxy.expectWrapper (file:///Users/admin/code/forks/opanuj-typescript-praktyka/node_modules/@vitest/expect/dist/index.js:1996:19)\n    at Proxy.<anonymous> (file:///Users/admin/code/forks/opanuj-typescript-praktyka/node_modules/@vitest/expect/dist/index.js:972:17)\n    at Proxy.methodWrapper (file:///Users/admin/code/forks/opanuj-typescript-praktyka/node_modules/chai/chai.js:1610:25)\n    at /Users/admin/code/forks/opanuj-typescript-praktyka/tasks/core-pro/611-type-details/type-details.spec.ts:9:25\n    at file:///Users/admin/code/forks/opanuj-typescript-praktyka/node_modules/@vitest/runner/dist/index.js:146:14\n    at file:///Users/admin/code/forks/opanuj-typescript-praktyka/node_modules/@vitest/runner/dist/index.js:533:11\n    at runWithTimeout (file:///Users/admin/code/forks/opanuj-typescript-praktyka/node_modules/@vitest/runner/dist/index.js:39:7)\n    at runTest (file:///Users/admin/code/forks/opanuj-typescript-praktyka/node_modules/@vitest/runner/dist/index.js:1056:17)\n    at processTicksAndRejections (node:internal/process/task_queues:95:5)\n    at async Promise.all (index 0)"],"meta":{}},{"ancestorTitles":["Type details"],"fullName":"Type details should use proper operator to assert type","status":"failed","title":"should use proper operator to assert type","duration":2497.2762920000005,"failureMessages":["Error: File should contain the proper type verification operator\n    at /Users/admin/code/forks/opanuj-typescript-praktyka/tasks/core-pro/611-type-details/type-details.spec.ts:18:13\n    at file:///Users/admin/code/forks/opanuj-typescript-praktyka/node_modules/@vitest/runner/dist/index.js:533:5\n    at runTest (file:///Users/admin/code/forks/opanuj-typescript-praktyka/node_modules/@vitest/runner/dist/index.js:1056:11)\n    at async Promise.all (index 1)\n    at runSuite (file:///Users/admin/code/forks/opanuj-typescript-praktyka/node_modules/@vitest/runner/dist/index.js:1191:13)\n    at async Promise.all (index 0)\n    at runSuite (file:///Users/admin/code/forks/opanuj-typescript-praktyka/node_modules/@vitest/runner/dist/index.js:1191:13)\n    at runFiles (file:///Users/admin/code/forks/opanuj-typescript-praktyka/node_modules/@vitest/runner/dist/index.js:1262:5)\n    at startTests (file:///Users/admin/code/forks/opanuj-typescript-praktyka/node_modules/@vitest/runner/dist/index.js:1271:3)\n    at file:///Users/admin/code/forks/opanuj-typescript-praktyka/node_modules/vitest/dist/chunks/runBaseTests.3qpJUEJM.js:126:11"],"meta":{}}],"startTime":1733944177515,"endTime":1733944180012.2764,"status":"failed","message":"","name":"/Users/admin/code/forks/opanuj-typescript-praktyka/tasks/core-pro/611-type-details/type-details.spec.ts"},{"assertionResults":[{"ancestorTitles":["Key loop"],"fullName":"Key loop should compile when implemented","status":"failed","title":"should compile when implemented","duration":2409.818958,"failureMessages":["Error: \nðŸš¨ Wykryto nastÄ™pujÄ…ce bÅ‚Ä™dy kompilacji:\n\nElement implicitly has an 'any' type because expression of type 'string' can't be used to index type '{ apiEndpoint: string; retryAttempts: number; enableLogs: boolean; }'.\n\n    at Proxy.expectWrapper (file:///Users/admin/code/forks/opanuj-typescript-praktyka/node_modules/@vitest/expect/dist/index.js:1996:19)\n    at Proxy.<anonymous> (file:///Users/admin/code/forks/opanuj-typescript-praktyka/node_modules/@vitest/expect/dist/index.js:972:17)\n    at Proxy.methodWrapper (file:///Users/admin/code/forks/opanuj-typescript-praktyka/node_modules/chai/chai.js:1610:25)\n    at /Users/admin/code/forks/opanuj-typescript-praktyka/tasks/core-pro/621-key-loop/key-loop.spec.ts:9:25\n    at file:///Users/admin/code/forks/opanuj-typescript-praktyka/node_modules/@vitest/runner/dist/index.js:146:14\n    at file:///Users/admin/code/forks/opanuj-typescript-praktyka/node_modules/@vitest/runner/dist/index.js:533:11\n    at runWithTimeout (file:///Users/admin/code/forks/opanuj-typescript-praktyka/node_modules/@vitest/runner/dist/index.js:39:7)\n    at runTest (file:///Users/admin/code/forks/opanuj-typescript-praktyka/node_modules/@vitest/runner/dist/index.js:1056:17)\n    at processTicksAndRejections (node:internal/process/task_queues:95:5)\n    at async Promise.all (index 0)"],"meta":{}},{"ancestorTitles":["Key loop"],"fullName":"Key loop should use proper operator(s) to get type details","status":"failed","title":"should use proper operator(s) to get type details","duration":2419.506209,"failureMessages":["Error: File should contain proper operator(s) to get type details\n    at /Users/admin/code/forks/opanuj-typescript-praktyka/tasks/core-pro/621-key-loop/key-loop.spec.ts:19:13\n    at file:///Users/admin/code/forks/opanuj-typescript-praktyka/node_modules/@vitest/runner/dist/index.js:533:5\n    at runTest (file:///Users/admin/code/forks/opanuj-typescript-praktyka/node_modules/@vitest/runner/dist/index.js:1056:11)\n    at async Promise.all (index 1)\n    at runSuite (file:///Users/admin/code/forks/opanuj-typescript-praktyka/node_modules/@vitest/runner/dist/index.js:1191:13)\n    at async Promise.all (index 0)\n    at runSuite (file:///Users/admin/code/forks/opanuj-typescript-praktyka/node_modules/@vitest/runner/dist/index.js:1191:13)\n    at runFiles (file:///Users/admin/code/forks/opanuj-typescript-praktyka/node_modules/@vitest/runner/dist/index.js:1262:5)\n    at startTests (file:///Users/admin/code/forks/opanuj-typescript-praktyka/node_modules/@vitest/runner/dist/index.js:1271:3)\n    at file:///Users/admin/code/forks/opanuj-typescript-praktyka/node_modules/vitest/dist/chunks/runBaseTests.3qpJUEJM.js:126:11"],"meta":{}}],"startTime":1733944177479,"endTime":1733944179898.506,"status":"failed","message":"","name":"/Users/admin/code/forks/opanuj-typescript-praktyka/tasks/core-pro/621-key-loop/key-loop.spec.ts"},{"assertionResults":[{"ancestorTitles":["Stable config"],"fullName":"Stable config should use proper operator(s) to prevent object mutation","status":"failed","title":"should use proper operator(s) to prevent object mutation","duration":4.713709000000108,"failureMessages":["Error: File should contain proper operator(s) to prevent object mutation\n    at /Users/admin/code/forks/opanuj-typescript-praktyka/tasks/core-pro/622-stable-config/stable-config.spec.ts:13:13\n    at file:///Users/admin/code/forks/opanuj-typescript-praktyka/node_modules/@vitest/runner/dist/index.js:533:5\n    at runTest (file:///Users/admin/code/forks/opanuj-typescript-praktyka/node_modules/@vitest/runner/dist/index.js:1056:11)\n    at async Promise.all (index 0)\n    at runSuite (file:///Users/admin/code/forks/opanuj-typescript-praktyka/node_modules/@vitest/runner/dist/index.js:1191:13)\n    at async Promise.all (index 0)\n    at runSuite (file:///Users/admin/code/forks/opanuj-typescript-praktyka/node_modules/@vitest/runner/dist/index.js:1191:13)\n    at runFiles (file:///Users/admin/code/forks/opanuj-typescript-praktyka/node_modules/@vitest/runner/dist/index.js:1262:5)\n    at startTests (file:///Users/admin/code/forks/opanuj-typescript-praktyka/node_modules/@vitest/runner/dist/index.js:1271:3)\n    at file:///Users/admin/code/forks/opanuj-typescript-praktyka/node_modules/vitest/dist/chunks/runBaseTests.3qpJUEJM.js:126:11"],"meta":{}}],"startTime":1733944180083,"endTime":1733944180087.7136,"status":"failed","message":"","name":"/Users/admin/code/forks/opanuj-typescript-praktyka/tasks/core-pro/622-stable-config/stable-config.spec.ts"},{"assertionResults":[{"ancestorTitles":["Extended local window"],"fullName":"Extended local window should compile when implemented","status":"failed","title":"should compile when implemented","duration":2543.298375,"failureMessages":["Error: \nðŸš¨ Wykryto nastÄ™pujÄ…ce bÅ‚Ä™dy kompilacji:\n\nProperty 'storage' does not exist on type 'Window & typeof globalThis'. Did you mean 'Storage'?\nProperty 'storage' does not exist on type 'Window & typeof globalThis'. Did you mean 'Storage'?\n\n    at Proxy.expectWrapper (file:///Users/admin/code/forks/opanuj-typescript-praktyka/node_modules/@vitest/expect/dist/index.js:1996:19)\n    at Proxy.<anonymous> (file:///Users/admin/code/forks/opanuj-typescript-praktyka/node_modules/@vitest/expect/dist/index.js:972:17)\n    at Proxy.methodWrapper (file:///Users/admin/code/forks/opanuj-typescript-praktyka/node_modules/chai/chai.js:1610:25)\n    at /Users/admin/code/forks/opanuj-typescript-praktyka/tasks/core-pro/631-extended-local-window/extended-local-window.spec.ts:10:25\n    at file:///Users/admin/code/forks/opanuj-typescript-praktyka/node_modules/@vitest/runner/dist/index.js:146:14\n    at file:///Users/admin/code/forks/opanuj-typescript-praktyka/node_modules/@vitest/runner/dist/index.js:533:11\n    at runWithTimeout (file:///Users/admin/code/forks/opanuj-typescript-praktyka/node_modules/@vitest/runner/dist/index.js:39:7)\n    at runTest (file:///Users/admin/code/forks/opanuj-typescript-praktyka/node_modules/@vitest/runner/dist/index.js:1056:17)\n    at processTicksAndRejections (node:internal/process/task_queues:95:5)\n    at async Promise.all (index 0)"],"meta":{}},{"ancestorTitles":["Extended local window"],"fullName":"Extended local window should use local declaration to extend window","status":"failed","title":"should use local declaration to extend window","duration":2548.4480000000003,"failureMessages":["Error: File should contain proper local declaration to extend window\n    at /Users/admin/code/forks/opanuj-typescript-praktyka/tasks/core-pro/631-extended-local-window/extended-local-window.spec.ts:22:13\n    at file:///Users/admin/code/forks/opanuj-typescript-praktyka/node_modules/@vitest/runner/dist/index.js:533:5\n    at runTest (file:///Users/admin/code/forks/opanuj-typescript-praktyka/node_modules/@vitest/runner/dist/index.js:1056:11)\n    at async Promise.all (index 1)\n    at runSuite (file:///Users/admin/code/forks/opanuj-typescript-praktyka/node_modules/@vitest/runner/dist/index.js:1191:13)\n    at async Promise.all (index 0)\n    at runSuite (file:///Users/admin/code/forks/opanuj-typescript-praktyka/node_modules/@vitest/runner/dist/index.js:1191:13)\n    at runFiles (file:///Users/admin/code/forks/opanuj-typescript-praktyka/node_modules/@vitest/runner/dist/index.js:1262:5)\n    at startTests (file:///Users/admin/code/forks/opanuj-typescript-praktyka/node_modules/@vitest/runner/dist/index.js:1271:3)\n    at file:///Users/admin/code/forks/opanuj-typescript-praktyka/node_modules/vitest/dist/chunks/runBaseTests.3qpJUEJM.js:126:11"],"meta":{}},{"ancestorTitles":["Extended local window"],"fullName":"Extended local window should not use global declaration to extend window","status":"passed","title":"should not use global declaration to extend window","duration":2549.2725419999997,"failureMessages":[],"meta":{}}],"startTime":1733944177472,"endTime":1733944180021.2725,"status":"failed","message":"","name":"/Users/admin/code/forks/opanuj-typescript-praktyka/tasks/core-pro/631-extended-local-window/extended-local-window.spec.ts"},{"assertionResults":[{"ancestorTitles":["Extended global window"],"fullName":"Extended global window should compile when implemented","status":"failed","title":"should compile when implemented","duration":2521.5481660000005,"failureMessages":["Error: \nðŸš¨ Wykryto nastÄ™pujÄ…ce bÅ‚Ä™dy kompilacji:\n\nProperty 'analytics' does not exist on type 'Window & typeof globalThis'.\n\n    at Proxy.expectWrapper (file:///Users/admin/code/forks/opanuj-typescript-praktyka/node_modules/@vitest/expect/dist/index.js:1996:19)\n    at Proxy.<anonymous> (file:///Users/admin/code/forks/opanuj-typescript-praktyka/node_modules/@vitest/expect/dist/index.js:972:17)\n    at Proxy.methodWrapper (file:///Users/admin/code/forks/opanuj-typescript-praktyka/node_modules/chai/chai.js:1610:25)\n    at /Users/admin/code/forks/opanuj-typescript-praktyka/tasks/core-pro/632-extended-window/extended-window.spec.ts:9:25\n    at file:///Users/admin/code/forks/opanuj-typescript-praktyka/node_modules/@vitest/runner/dist/index.js:146:14\n    at file:///Users/admin/code/forks/opanuj-typescript-praktyka/node_modules/@vitest/runner/dist/index.js:533:11\n    at runWithTimeout (file:///Users/admin/code/forks/opanuj-typescript-praktyka/node_modules/@vitest/runner/dist/index.js:39:7)\n    at runTest (file:///Users/admin/code/forks/opanuj-typescript-praktyka/node_modules/@vitest/runner/dist/index.js:1056:17)\n    at processTicksAndRejections (node:internal/process/task_queues:95:5)\n    at async Promise.all (index 0)"],"meta":{}},{"ancestorTitles":["Extended global window"],"fullName":"Extended global window should use global declaration in a dedicated file to extend window","status":"failed","title":"should use global declaration in a dedicated file to extend window","duration":2521.4473340000004,"failureMessages":["Error: You should use global declaration in a dedicated file to extend window in this task\n    at /Users/admin/code/forks/opanuj-typescript-praktyka/tasks/core-pro/632-extended-window/extended-window.spec.ts:20:13\n    at file:///Users/admin/code/forks/opanuj-typescript-praktyka/node_modules/@vitest/runner/dist/index.js:146:14\n    at file:///Users/admin/code/forks/opanuj-typescript-praktyka/node_modules/@vitest/runner/dist/index.js:533:11\n    at runWithTimeout (file:///Users/admin/code/forks/opanuj-typescript-praktyka/node_modules/@vitest/runner/dist/index.js:39:7)\n    at runTest (file:///Users/admin/code/forks/opanuj-typescript-praktyka/node_modules/@vitest/runner/dist/index.js:1056:17)\n    at processTicksAndRejections (node:internal/process/task_queues:95:5)\n    at async Promise.all (index 1)\n    at runSuite (file:///Users/admin/code/forks/opanuj-typescript-praktyka/node_modules/@vitest/runner/dist/index.js:1191:13)\n    at async Promise.all (index 0)\n    at runSuite (file:///Users/admin/code/forks/opanuj-typescript-praktyka/node_modules/@vitest/runner/dist/index.js:1191:13)"],"meta":{}},{"ancestorTitles":["Extended global window"],"fullName":"Extended global window should not use local declaration to extend window","status":"passed","title":"should not use local declaration to extend window","duration":2522.4513749999996,"failureMessages":[],"meta":{}}],"startTime":1733944177470,"endTime":1733944179992.4514,"status":"failed","message":"","name":"/Users/admin/code/forks/opanuj-typescript-praktyka/tasks/core-pro/632-extended-window/extended-window.spec.ts"},{"assertionResults":[{"ancestorTitles":["JS Integration"],"fullName":"JS Integration should allow to use JS files","status":"failed","title":"should allow to use JS files","duration":1260.9864169999996,"failureMessages":["Error: \nðŸš¨ Wykryto nastÄ™pujÄ…ce bÅ‚Ä™dy kompilacji:\n\nCould not find a declaration file for module './product-catalog.js'. '/Users/admin/code/forks/opanuj-typescript-praktyka/tasks/core-pro/731-js-to-ts/product-catalog.js' implicitly has an 'any' type.\nParameter 'acc' implicitly has an 'any' type.\nParameter 'product' implicitly has an 'any' type.\n\n    at Proxy.expectWrapper (file:///Users/admin/code/forks/opanuj-typescript-praktyka/node_modules/@vitest/expect/dist/index.js:1996:19)\n    at Proxy.<anonymous> (file:///Users/admin/code/forks/opanuj-typescript-praktyka/node_modules/@vitest/expect/dist/index.js:972:17)\n    at Proxy.methodWrapper (file:///Users/admin/code/forks/opanuj-typescript-praktyka/node_modules/chai/chai.js:1610:25)\n    at /Users/admin/code/forks/opanuj-typescript-praktyka/tasks/core-pro/731-js-to-ts/jstots.spec.ts:9:25\n    at file:///Users/admin/code/forks/opanuj-typescript-praktyka/node_modules/@vitest/runner/dist/index.js:146:14\n    at file:///Users/admin/code/forks/opanuj-typescript-praktyka/node_modules/@vitest/runner/dist/index.js:533:11\n    at runWithTimeout (file:///Users/admin/code/forks/opanuj-typescript-praktyka/node_modules/@vitest/runner/dist/index.js:39:7)\n    at runTest (file:///Users/admin/code/forks/opanuj-typescript-praktyka/node_modules/@vitest/runner/dist/index.js:1056:17)\n    at processTicksAndRejections (node:internal/process/task_queues:95:5)\n    at async Promise.all (index 0)"],"meta":{}},{"ancestorTitles":["JS Integration"],"fullName":"JS Integration should calculate total value of the catalog","status":"passed","title":"should calculate total value of the catalog","duration":1260.879042,"failureMessages":[],"meta":{}},{"ancestorTitles":["JS Integration"],"fullName":"JS Integration should allow me to use types from JS files","status":"passed","title":"should allow me to use types from JS files","duration":1260.8547910000002,"failureMessages":[],"meta":{}}],"startTime":1733944180087,"endTime":1733944181347.9863,"status":"failed","message":"","name":"/Users/admin/code/forks/opanuj-typescript-praktyka/tasks/core-pro/731-js-to-ts/jstots.spec.ts"}]}